# JRE version: Java(TM) SE Runtime Environment (15.0.2+7) (build 15.0.2+7-27)
# Java VM: Java HotSpot(TM) 64-Bit Server VM (15.0.2+7-27, mixed mode, sharing, tiered, compressed oops, g1 gc, windows-amd64)
GC Precious Log:
 CPUs: 8 total, 8 available
 Memory: 16226M
 Large Page Support: Disabled
 NUMA Support: Disabled
 Compressed Oops: Enabled (Zero based)
 Heap Region Size: 2M
 Heap Min Capacity: 8M
 Heap Initial Capacity: 254M
 Heap Max Capacity: 4058M
 Pre-touch: Disabled
 Parallel Workers: 8
 Concurrent Workers: 2
 Concurrent Refinement Workers: 8
 Periodic GC: Disabled
Heap:
 garbage-first heap   total 260096K, used 102685K [0x0000000702600000, 0x0000000800000000)
  region size 2048K, 47 young (96256K), 1 survivors (2048K)
 Metaspace       used 8511K, capacity 8650K, committed 8704K, reserved 1056768K
  class space    used 947K, capacity 1021K, committed 1024K, reserved 1048576K
GC Heap History (20 events):
Event: 99.114 GC heap before
{Heap before GC invocations=29 (full 0):
 garbage-first heap   total 260096K, used 164125K [0x0000000702600000, 0x0000000800000000)
  region size 2048K, 76 young (155648K), 1 survivors (2048K)
 Metaspace       used 8510K, capacity 8650K, committed 8704K, reserved 1056768K
  class space    used 947K, capacity 1021K, committed 1024K, reserved 1048576K
}
Event: 99.114 GC heap after
{Heap after GC invocations=30 (full 0):
 garbage-first heap   total 260096K, used 10525K [0x0000000702600000, 0x0000000800000000)
  region size 2048K, 1 young (2048K), 1 survivors (2048K)
 Metaspace       used 8510K, capacity 8650K, committed 8704K, reserved 1056768K
  class space    used 947K, capacity 1021K, committed 1024K, reserved 1048576K
}
Event: 102.261 GC heap before
{Heap before GC invocations=30 (full 0):
 garbage-first heap   total 260096K, used 164125K [0x0000000702600000, 0x0000000800000000)
  region size 2048K, 76 young (155648K), 1 survivors (2048K)
 Metaspace       used 8510K, capacity 8650K, committed 8704K, reserved 1056768K
  class space    used 947K, capacity 1021K, committed 1024K, reserved 1048576K
}
Event: 102.261 GC heap after
{Heap after GC invocations=31 (full 0):
 garbage-first heap   total 260096K, used 10525K [0x0000000702600000, 0x0000000800000000)
  region size 2048K, 1 young (2048K), 1 survivors (2048K)
 Metaspace       used 8510K, capacity 8650K, committed 8704K, reserved 1056768K
  class space    used 947K, capacity 1021K, committed 1024K, reserved 1048576K
}
Event: 105.445 GC heap before
{Heap before GC invocations=31 (full 0):
 garbage-first heap   total 260096K, used 164125K [0x0000000702600000, 0x0000000800000000)
  region size 2048K, 76 young (155648K), 1 survivors (2048K)
 Metaspace       used 8510K, capacity 8650K, committed 8704K, reserved 1056768K
  class space    used 947K, capacity 1021K, committed 1024K, reserved 1048576K
}
Event: 105.445 GC heap after
{Heap after GC invocations=32 (full 0):
 garbage-first heap   total 260096K, used 10525K [0x0000000702600000, 0x0000000800000000)
  region size 2048K, 1 young (2048K), 1 survivors (2048K)
 Metaspace       used 8510K, capacity 8650K, committed 8704K, reserved 1056768K
  class space    used 947K, capacity 1021K, committed 1024K, reserved 1048576K
}
Event: 108.625 GC heap before
{Heap before GC invocations=32 (full 0):
 garbage-first heap   total 260096K, used 164125K [0x0000000702600000, 0x0000000800000000)
  region size 2048K, 76 young (155648K), 1 survivors (2048K)
 Metaspace       used 8510K, capacity 8650K, committed 8704K, reserved 1056768K
  class space    used 947K, capacity 1021K, committed 1024K, reserved 1048576K
}
Event: 108.626 GC heap after
{Heap after GC invocations=33 (full 0):
 garbage-first heap   total 260096K, used 10523K [0x0000000702600000, 0x0000000800000000)
  region size 2048K, 1 young (2048K), 1 survivors (2048K)
 Metaspace       used 8510K, capacity 8650K, committed 8704K, reserved 1056768K
  class space    used 947K, capacity 1021K, committed 1024K, reserved 1048576K
}
Event: 111.834 GC heap before
{Heap before GC invocations=33 (full 0):
 garbage-first heap   total 260096K, used 164123K [0x0000000702600000, 0x0000000800000000)
  region size 2048K, 76 young (155648K), 1 survivors (2048K)
 Metaspace       used 8510K, capacity 8650K, committed 8704K, reserved 1056768K
  class space    used 947K, capacity 1021K, committed 1024K, reserved 1048576K
}
Event: 111.834 GC heap after
{Heap after GC invocations=34 (full 0):
 garbage-first heap   total 260096K, used 10525K [0x0000000702600000, 0x0000000800000000)
  region size 2048K, 1 young (2048K), 1 survivors (2048K)
 Metaspace       used 8510K, capacity 8650K, committed 8704K, reserved 1056768K
  class space    used 947K, capacity 1021K, committed 1024K, reserved 1048576K
}
Event: 115.078 GC heap before
{Heap before GC invocations=34 (full 0):
 garbage-first heap   total 260096K, used 164125K [0x0000000702600000, 0x0000000800000000)
  region size 2048K, 76 young (155648K), 1 survivors (2048K)
 Metaspace       used 8510K, capacity 8650K, committed 8704K, reserved 1056768K
  class space    used 947K, capacity 1021K, committed 1024K, reserved 1048576K
}
Event: 115.079 GC heap after
{Heap after GC invocations=35 (full 0):
 garbage-first heap   total 260096K, used 10523K [0x0000000702600000, 0x0000000800000000)
  region size 2048K, 1 young (2048K), 1 survivors (2048K)
 Metaspace       used 8510K, capacity 8650K, committed 8704K, reserved 1056768K
  class space    used 947K, capacity 1021K, committed 1024K, reserved 1048576K
}
Event: 118.364 GC heap before
{Heap before GC invocations=35 (full 0):
 garbage-first heap   total 260096K, used 164123K [0x0000000702600000, 0x0000000800000000)
  region size 2048K, 76 young (155648K), 1 survivors (2048K)
 Metaspace       used 8510K, capacity 8650K, committed 8704K, reserved 1056768K
  class space    used 947K, capacity 1021K, committed 1024K, reserved 1048576K
}
Event: 118.364 GC heap after
{Heap after GC invocations=36 (full 0):
 garbage-first heap   total 260096K, used 10525K [0x0000000702600000, 0x0000000800000000)
  region size 2048K, 1 young (2048K), 1 survivors (2048K)
 Metaspace       used 8510K, capacity 8650K, committed 8704K, reserved 1056768K
  class space    used 947K, capacity 1021K, committed 1024K, reserved 1048576K
}
Event: 122.031 GC heap before
{Heap before GC invocations=36 (full 0):
 garbage-first heap   total 260096K, used 164125K [0x0000000702600000, 0x0000000800000000)
  region size 2048K, 76 young (155648K), 1 survivors (2048K)
 Metaspace       used 8510K, capacity 8650K, committed 8704K, reserved 1056768K
  class space    used 947K, capacity 1021K, committed 1024K, reserved 1048576K
}
Event: 122.031 GC heap after
{Heap after GC invocations=37 (full 0):
 garbage-first heap   total 260096K, used 10525K [0x0000000702600000, 0x0000000800000000)
  region size 2048K, 1 young (2048K), 1 survivors (2048K)
 Metaspace       used 8510K, capacity 8650K, committed 8704K, reserved 1056768K
  class space    used 947K, capacity 1021K, committed 1024K, reserved 1048576K
}
Event: 125.480 GC heap before
{Heap before GC invocations=37 (full 0):
 garbage-first heap   total 260096K, used 164125K [0x0000000702600000, 0x0000000800000000)
  region size 2048K, 76 young (155648K), 1 survivors (2048K)
 Metaspace       used 8510K, capacity 8650K, committed 8704K, reserved 1056768K
  class space    used 947K, capacity 1021K, committed 1024K, reserved 1048576K
}
Event: 125.481 GC heap after
{Heap after GC invocations=38 (full 0):
 garbage-first heap   total 260096K, used 10525K [0x0000000702600000, 0x0000000800000000)
  region size 2048K, 1 young (2048K), 1 survivors (2048K)
 Metaspace       used 8510K, capacity 8650K, committed 8704K, reserved 1056768K
  class space    used 947K, capacity 1021K, committed 1024K, reserved 1048576K
}
Event: 128.891 GC heap before
{Heap before GC invocations=38 (full 0):
 garbage-first heap   total 260096K, used 164125K [0x0000000702600000, 0x0000000800000000)
  region size 2048K, 76 young (155648K), 1 survivors (2048K)
 Metaspace       used 8510K, capacity 8650K, committed 8704K, reserved 1056768K
  class space    used 947K, capacity 1021K, committed 1024K, reserved 1048576K
}
Event: 128.892 GC heap after
{Heap after GC invocations=39 (full 0):
 garbage-first heap   total 260096K, used 10525K [0x0000000702600000, 0x0000000800000000)
  region size 2048K, 1 young (2048K), 1 survivors (2048K)
 Metaspace       used 8510K, capacity 8650K, committed 8704K, reserved 1056768K
  class space    used 947K, capacity 1021K, committed 1024K, reserved 1048576K
}

